Flow report for vr_debounce
Tue May 07 22:27:40 2019
Quartus II 32-bit Version 13.0.0 Build 156 04/24/2013 SJ Web Edition


---------------------
; Table of Contents ;
---------------------
  1. Legal Notice
  2. Flow Summary
  3. Flow Settings
  4. Flow Non-Default Global Settings
  5. Flow Elapsed Time
  6. Flow OS Summary
  7. Flow Log
  8. Flow Messages
  9. Flow Suppressed Messages



----------------
; Legal Notice ;
----------------
Copyright (C) 1991-2013 Altera Corporation
Your use of Altera Corporation's design tools, logic functions 
and other software and tools, and its AMPP partner logic 
functions, and any output files from any of the foregoing 
(including device programming or simulation files), and any 
associated documentation or information are expressly subject 
to the terms and conditions of the Altera Program License 
Subscription Agreement, Altera MegaCore Function License 
Agreement, or other applicable license agreement, including, 
without limitation, that your use is for the sole purpose of 
programming logic devices manufactured by Altera and sold by 
Altera or its authorized distributors.  Please refer to the 
applicable agreement for further details.



+---------------------------------------------------------------------------------+
; Flow Summary                                                                    ;
+------------------------------------+--------------------------------------------+
; Flow Status                        ; Successful - Tue May 07 22:27:40 2019      ;
; Quartus II 32-bit Version          ; 13.0.0 Build 156 04/24/2013 SJ Web Edition ;
; Revision Name                      ; vr_debounce                                ;
; Top-level Entity Name              ; vr_debounce                                ;
; Family                             ; Cyclone IV GX                              ;
; Total logic elements               ; 92 / 14,400 ( < 1 % )                      ;
;     Total combinational functions  ; 91 / 14,400 ( < 1 % )                      ;
;     Dedicated logic registers      ; 64 / 14,400 ( < 1 % )                      ;
; Total registers                    ; 64                                         ;
; Total pins                         ; 4 / 81 ( 5 % )                             ;
; Total virtual pins                 ; 0                                          ;
; Total memory bits                  ; 0 / 552,960 ( 0 % )                        ;
; Embedded Multiplier 9-bit elements ; 0                                          ;
; Total GXB Receiver Channel PCS     ; 0 / 2 ( 0 % )                              ;
; Total GXB Receiver Channel PMA     ; 0 / 2 ( 0 % )                              ;
; Total GXB Transmitter Channel PCS  ; 0 / 2 ( 0 % )                              ;
; Total GXB Transmitter Channel PMA  ; 0 / 2 ( 0 % )                              ;
; Total PLLs                         ; 0 / 3 ( 0 % )                              ;
; Device                             ; EP4CGX15BF14C6                             ;
; Timing Models                      ; Final                                      ;
+------------------------------------+--------------------------------------------+


+-----------------------------------------+
; Flow Settings                           ;
+-------------------+---------------------+
; Option            ; Setting             ;
+-------------------+---------------------+
; Start date & time ; 05/07/2019 22:27:21 ;
; Main task         ; Compilation         ;
; Revision Name     ; vr_debounce         ;
+-------------------+---------------------+


+-------------------------------------------------------------------------------------------------------------------------------+
; Flow Non-Default Global Settings                                                                                              ;
+--------------------------------------+------------------------------------+---------------+-------------+---------------------+
; Assignment Name                      ; Value                              ; Default Value ; Entity Name ; Section Id          ;
+--------------------------------------+------------------------------------+---------------+-------------+---------------------+
; COMPILER_SIGNATURE_ID                ; 35775007100414.155723924111492     ; --            ; --          ; --                  ;
; EDA_DESIGN_INSTANCE_NAME             ; i1                                 ; --            ; --          ; vir_key_top_vlg_tst ;
; EDA_NATIVELINK_SIMULATION_TEST_BENCH ; vir_key_top_vlg_tst                ; --            ; --          ; eda_simulation      ;
; EDA_OUTPUT_DATA_FORMAT               ; Verilog Hdl                        ; --            ; --          ; eda_simulation      ;
; EDA_SIMULATION_TOOL                  ; ModelSim-Altera (Verilog)          ; <None>        ; --          ; --                  ;
; EDA_TEST_BENCH_ENABLE_STATUS         ; TEST_BENCH_MODE                    ; --            ; --          ; eda_simulation      ;
; EDA_TEST_BENCH_FILE                  ; simulation/modelsim/vr_debounce.vt ; --            ; --          ; vir_key_top_vlg_tst ;
; EDA_TEST_BENCH_MODULE_NAME           ; vir_key_top_vlg_tst                ; --            ; --          ; vir_key_top_vlg_tst ;
; EDA_TEST_BENCH_NAME                  ; vir_key_top_vlg_tst                ; --            ; --          ; eda_simulation      ;
; EDA_TEST_BENCH_RUN_SIM_FOR           ; 1000 us                            ; --            ; --          ; vir_key_top_vlg_tst ;
; EDA_TIME_SCALE                       ; 1 ps                               ; --            ; --          ; eda_simulation      ;
; PARTITION_COLOR                      ; 16764057                           ; --            ; --          ; Top                 ;
; PARTITION_FITTER_PRESERVATION_LEVEL  ; PLACEMENT_AND_ROUTING              ; --            ; --          ; Top                 ;
; PARTITION_NETLIST_TYPE               ; SOURCE                             ; --            ; --          ; Top                 ;
; PROJECT_OUTPUT_DIRECTORY             ; output_files                       ; --            ; --          ; --                  ;
+--------------------------------------+------------------------------------+---------------+-------------+---------------------+


+-------------------------------------------------------------------------------------------------------------------------------+
; Flow Elapsed Time                                                                                                             ;
+---------------------------+--------------+-------------------------+---------------------+------------------------------------+
; Module Name               ; Elapsed Time ; Average Processors Used ; Peak Virtual Memory ; Total CPU Time (on all processors) ;
+---------------------------+--------------+-------------------------+---------------------+------------------------------------+
; Analysis & Synthesis      ; 00:00:02     ; 1.0                     ; 378 MB              ; 00:00:02                           ;
; Fitter                    ; 00:00:08     ; 1.1                     ; 613 MB              ; 00:00:09                           ;
; Assembler                 ; 00:00:02     ; 1.0                     ; 380 MB              ; 00:00:02                           ;
; TimeQuest Timing Analyzer ; 00:00:02     ; 1.0                     ; 387 MB              ; 00:00:03                           ;
; EDA Netlist Writer        ; 00:00:01     ; 1.0                     ; 350 MB              ; 00:00:01                           ;
; Total                     ; 00:00:15     ; --                      ; --                  ; 00:00:17                           ;
+---------------------------+--------------+-------------------------+---------------------+------------------------------------+


+----------------------------------------------------------------------------------------+
; Flow OS Summary                                                                        ;
+---------------------------+------------------+-----------+------------+----------------+
; Module Name               ; Machine Hostname ; OS Name   ; OS Version ; Processor type ;
+---------------------------+------------------+-----------+------------+----------------+
; Analysis & Synthesis      ; USER-20140713CU  ; Windows 7 ; 6.1        ; x86_64         ;
; Fitter                    ; USER-20140713CU  ; Windows 7 ; 6.1        ; x86_64         ;
; Assembler                 ; USER-20140713CU  ; Windows 7 ; 6.1        ; x86_64         ;
; TimeQuest Timing Analyzer ; USER-20140713CU  ; Windows 7 ; 6.1        ; x86_64         ;
; EDA Netlist Writer        ; USER-20140713CU  ; Windows 7 ; 6.1        ; x86_64         ;
+---------------------------+------------------+-----------+------------+----------------+


------------
; Flow Log ;
------------
quartus_map --read_settings_files=on --write_settings_files=off vr_debounce -c vr_debounce
quartus_fit --read_settings_files=off --write_settings_files=off vr_debounce -c vr_debounce
quartus_asm --read_settings_files=off --write_settings_files=off vr_debounce -c vr_debounce
quartus_sta vr_debounce -c vr_debounce
quartus_eda --read_settings_files=off --write_settings_files=off vr_debounce -c vr_debounce



